# JRE version: OpenJDK Runtime Environment (8.0_212-b04) (build 1.8.0_212-release-1586-b04)
# Java VM: OpenJDK 64-Bit Server VM (25.212-b04 mixed mode windows-amd64 compressed oops)
Heap:
 PSYoungGen      total 402944K, used 301766K [0x00000000e0000000, 0x00000000ff580000, 0x0000000100000000)
  eden space 373248K, 78% used [0x00000000e0000000,0x00000000f1db98a8,0x00000000f6c80000)
  from space 29696K, 30% used [0x00000000f6c80000,0x00000000f7578020,0x00000000f8980000)
  to   space 29696K, 0% used [0x00000000fd880000,0x00000000fd880000,0x00000000ff580000)
 ParOldGen       total 193024K, used 71784K [0x00000000a0000000, 0x00000000abc80000, 0x00000000e0000000)
  object space 193024K, 37% used [0x00000000a0000000,0x00000000a461a320,0x00000000abc80000)
 Metaspace       used 98765K, capacity 102740K, committed 104344K, reserved 1140736K
  class space    used 12557K, capacity 13380K, committed 13720K, reserved 1048576K
GC Heap History (10 events):
Event: 1565.993 GC heap before
{Heap before GC invocations=31 (full 4):
 PSYoungGen      total 287744K, used 282517K [0x00000000e0000000, 0x00000000f3900000, 0x0000000100000000)
  eden space 259072K, 100% used [0x00000000e0000000,0x00000000efd00000,0x00000000efd00000)
  from space 28672K, 81% used [0x00000000f1a80000,0x00000000f31655b8,0x00000000f3680000)
  to   space 30208K, 0% used [0x00000000efd00000,0x00000000efd00000,0x00000000f1a80000)
 ParOldGen       total 193024K, used 43810K [0x00000000a0000000, 0x00000000abc80000, 0x00000000e0000000)
  object space 193024K, 22% used [0x00000000a0000000,0x00000000a2ac8a20,0x00000000abc80000)
 Metaspace       used 97694K, capacity 101518K, committed 103320K, reserved 1138688K
  class space    used 12447K, capacity 13265K, committed 13720K, reserved 1048576K
Event: 1566.029 GC heap after
Heap after GC invocations=31 (full 4):
 PSYoungGen      total 289280K, used 23734K [0x00000000e0000000, 0x00000000f6d00000, 0x0000000100000000)
  eden space 259072K, 0% used [0x00000000e0000000,0x00000000e0000000,0x00000000efd00000)
  from space 30208K, 78% used [0x00000000efd00000,0x00000000f142da30,0x00000000f1a80000)
  to   space 31232K, 0% used [0x00000000f4e80000,0x00000000f4e80000,0x00000000f6d00000)
 ParOldGen       total 193024K, used 53042K [0x00000000a0000000, 0x00000000abc80000, 0x00000000e0000000)
  object space 193024K, 27% used [0x00000000a0000000,0x00000000a33cc928,0x00000000abc80000)
 Metaspace       used 97694K, capacity 101518K, committed 103320K, reserved 1138688K
  class space    used 12447K, capacity 13265K, committed 13720K, reserved 1048576K
}
Event: 1566.675 GC heap before
{Heap before GC invocations=32 (full 4):
 PSYoungGen      total 289280K, used 282806K [0x00000000e0000000, 0x00000000f6d00000, 0x0000000100000000)
  eden space 259072K, 100% used [0x00000000e0000000,0x00000000efd00000,0x00000000efd00000)
  from space 30208K, 78% used [0x00000000efd00000,0x00000000f142da30,0x00000000f1a80000)
  to   space 31232K, 0% used [0x00000000f4e80000,0x00000000f4e80000,0x00000000f6d00000)
 ParOldGen       total 193024K, used 53042K [0x00000000a0000000, 0x00000000abc80000, 0x00000000e0000000)
  object space 193024K, 27% used [0x00000000a0000000,0x00000000a33cc928,0x00000000abc80000)
 Metaspace       used 97787K, capacity 101536K, committed 103320K, reserved 1138688K
  class space    used 12460K, capacity 13268K, committed 13720K, reserved 1048576K
Event: 1566.707 GC heap after
Heap after GC invocations=32 (full 4):
 PSYoungGen      total 340480K, used 17905K [0x00000000e0000000, 0x00000000f6b00000, 0x0000000100000000)
  eden space 311296K, 0% used [0x00000000e0000000,0x00000000e0000000,0x00000000f3000000)
  from space 29184K, 61% used [0x00000000f4e80000,0x00000000f5ffc608,0x00000000f6b00000)
  to   space 30208K, 0% used [0x00000000f3000000,0x00000000f3000000,0x00000000f4d80000)
 ParOldGen       total 193024K, used 58318K [0x00000000a0000000, 0x00000000abc80000, 0x00000000e0000000)
  object space 193024K, 30% used [0x00000000a0000000,0x00000000a38f3a08,0x00000000abc80000)
 Metaspace       used 97787K, capacity 101536K, committed 103320K, reserved 1138688K
  class space    used 12460K, capacity 13268K, committed 13720K, reserved 1048576K
}
Event: 1567.482 GC heap before
{Heap before GC invocations=33 (full 4):
 PSYoungGen      total 340480K, used 329201K [0x00000000e0000000, 0x00000000f6b00000, 0x0000000100000000)
  eden space 311296K, 100% used [0x00000000e0000000,0x00000000f3000000,0x00000000f3000000)
  from space 29184K, 61% used [0x00000000f4e80000,0x00000000f5ffc608,0x00000000f6b00000)
  to   space 30208K, 0% used [0x00000000f3000000,0x00000000f3000000,0x00000000f4d80000)
 ParOldGen       total 193024K, used 58318K [0x00000000a0000000, 0x00000000abc80000, 0x00000000e0000000)
  object space 193024K, 30% used [0x00000000a0000000,0x00000000a38f3a08,0x00000000abc80000)
 Metaspace       used 98138K, capacity 101912K, committed 103576K, reserved 1138688K
  class space    used 12497K, capacity 13306K, committed 13720K, reserved 1048576K
Event: 1567.514 GC heap after
Heap after GC invocations=33 (full 4):
 PSYoungGen      total 341504K, used 15819K [0x00000000e0000000, 0x00000000fa600000, 0x0000000100000000)
  eden space 311296K, 0% used [0x00000000e0000000,0x00000000e0000000,0x00000000f3000000)
  from space 30208K, 52% used [0x00000000f3000000,0x00000000f3f72de8,0x00000000f4d80000)
  to   space 29184K, 0% used [0x00000000f8980000,0x00000000f8980000,0x00000000fa600000)
 ParOldGen       total 193024K, used 59734K [0x00000000a0000000, 0x00000000abc80000, 0x00000000e0000000)
  object space 193024K, 30% used [0x00000000a0000000,0x00000000a3a55900,0x00000000abc80000)
 Metaspace       used 98138K, capacity 101912K, committed 103576K, reserved 1138688K
  class space    used 12497K, capacity 13306K, committed 13720K, reserved 1048576K
}
Event: 1568.435 GC heap before
{Heap before GC invocations=34 (full 4):
 PSYoungGen      total 341504K, used 327115K [0x00000000e0000000, 0x00000000fa600000, 0x0000000100000000)
  eden space 311296K, 100% used [0x00000000e0000000,0x00000000f3000000,0x00000000f3000000)
  from space 30208K, 52% used [0x00000000f3000000,0x00000000f3f72de8,0x00000000f4d80000)
  to   space 29184K, 0% used [0x00000000f8980000,0x00000000f8980000,0x00000000fa600000)
 ParOldGen       total 193024K, used 59734K [0x00000000a0000000, 0x00000000abc80000, 0x00000000e0000000)
  object space 193024K, 30% used [0x00000000a0000000,0x00000000a3a55900,0x00000000abc80000)
 Metaspace       used 98355K, capacity 102178K, committed 103832K, reserved 1138688K
  class space    used 12528K, capacity 13333K, committed 13720K, reserved 1048576K
Event: 1568.481 GC heap after
Heap after GC invocations=34 (full 4):
 PSYoungGen      total 402432K, used 7232K [0x00000000e0000000, 0x00000000fa700000, 0x0000000100000000)
  eden space 373248K, 0% used [0x00000000e0000000,0x00000000e0000000,0x00000000f6c80000)
  from space 29184K, 24% used [0x00000000f8980000,0x00000000f9090090,0x00000000fa600000)
  to   space 29696K, 0% used [0x00000000f6c80000,0x00000000f6c80000,0x00000000f8980000)
 ParOldGen       total 193024K, used 68960K [0x00000000a0000000, 0x00000000abc80000, 0x00000000e0000000)
  object space 193024K, 35% used [0x00000000a0000000,0x00000000a4358290,0x00000000abc80000)
 Metaspace       used 98355K, capacity 102178K, committed 103832K, reserved 1138688K
  class space    used 12528K, capacity 13333K, committed 13720K, reserved 1048576K
}
Event: 1570.439 GC heap before
{Heap before GC invocations=35 (full 4):
 PSYoungGen      total 402432K, used 380480K [0x00000000e0000000, 0x00000000fa700000, 0x0000000100000000)
  eden space 373248K, 100% used [0x00000000e0000000,0x00000000f6c80000,0x00000000f6c80000)
  from space 29184K, 24% used [0x00000000f8980000,0x00000000f9090090,0x00000000fa600000)
  to   space 29696K, 0% used [0x00000000f6c80000,0x00000000f6c80000,0x00000000f8980000)
 ParOldGen       total 193024K, used 68960K [0x00000000a0000000, 0x00000000abc80000, 0x00000000e0000000)
  object space 193024K, 35% used [0x00000000a0000000,0x00000000a4358290,0x00000000abc80000)
 Metaspace       used 98483K, capacity 102420K, committed 104088K, reserved 1140736K
  class space    used 12540K, capacity 13368K, committed 13720K, reserved 1048576K
Event: 1570.653 GC heap after
Heap after GC invocations=35 (full 4):
 PSYoungGen      total 402944K, used 9184K [0x00000000e0000000, 0x00000000ff580000, 0x0000000100000000)
  eden space 373248K, 0% used [0x00000000e0000000,0x00000000e0000000,0x00000000f6c80000)
  from space 29696K, 30% used [0x00000000f6c80000,0x00000000f7578020,0x00000000f8980000)
  to   space 29696K, 0% used [0x00000000fd880000,0x00000000fd880000,0x00000000ff580000)
 ParOldGen       total 193024K, used 71784K [0x00000000a0000000, 0x00000000abc80000, 0x00000000e0000000)
  object space 193024K, 37% used [0x00000000a0000000,0x00000000a461a320,0x00000000abc80000)
 Metaspace       used 98483K, capacity 102420K, committed 104088K, reserved 1140736K
  class space    used 12540K, capacity 13368K, committed 13720K, reserved 1048576K
}

